<?xml version="1.0" encoding="UTF-8"?>
<!-- Generated by org.testng.reporters.JUnitReportReporter -->
<testsuite hostname="DESKTOP-SDBG9IR" failures="0" tests="3" name="Assignment_2.TestCase" time="8.384" errors="0" timestamp="2025-06-30T21:35:27 IST" skipped="0">
  <testcase classname="Assignment_2.TestCase" name="AmazonTest" time="2.481"/>
  <testcase classname="Assignment_2.TestCase" name="AmazonTest" time="2.092"/>
  <testcase classname="Assignment_2.TestCase" name="AmazonTest" time="3.811"/>
</testsuite> <!-- Assignment_2.TestCase -->
